ARM GAS  C:\Users\SOLDER~1\AppData\Local\Temp\cc3Axwaf.s 			page 1


   1              		.cpu cortex-m0
   2              		.arch armv6s-m
   3              		.fpu softvfp
   4              		.eabi_attribute 20, 1
   5              		.eabi_attribute 21, 1
   6              		.eabi_attribute 23, 3
   7              		.eabi_attribute 24, 1
   8              		.eabi_attribute 25, 1
   9              		.eabi_attribute 26, 1
  10              		.eabi_attribute 30, 6
  11              		.eabi_attribute 34, 0
  12              		.eabi_attribute 18, 4
  13              		.file	"syscalls.c"
  14              		.text
  15              	.Ltext0:
  16              		.cfi_sections	.debug_frame
  17              		.global	__env
  18              		.section	.bss.__env,"aw",%nobits
  19              		.align	2
  22              	__env:
  23 0000 00000000 		.space	4
  24              		.global	environ
  25              		.section	.data.environ,"aw"
  26              		.align	2
  29              	environ:
  30 0000 00000000 		.word	__env
  31              		.section	.text.initialise_monitor_handles,"ax",%progbits
  32              		.align	1
  33              		.global	initialise_monitor_handles
  34              		.syntax unified
  35              		.code	16
  36              		.thumb_func
  38              	initialise_monitor_handles:
  39              	.LFB25:
  40              		.file 1 "Core/Src/syscalls.c"
   1:Core/Src/syscalls.c **** /**
   2:Core/Src/syscalls.c ****  ******************************************************************************
   3:Core/Src/syscalls.c ****  * @file      syscalls.c
   4:Core/Src/syscalls.c ****  * @author    Auto-generated by STM32CubeIDE
   5:Core/Src/syscalls.c ****  * @brief     STM32CubeIDE Minimal System calls file
   6:Core/Src/syscalls.c ****  *
   7:Core/Src/syscalls.c ****  *            For more information about which c-functions
   8:Core/Src/syscalls.c ****  *            need which of these lowlevel functions
   9:Core/Src/syscalls.c ****  *            please consult the Newlib libc-manual
  10:Core/Src/syscalls.c ****  ******************************************************************************
  11:Core/Src/syscalls.c ****  * @attention
  12:Core/Src/syscalls.c ****  *
  13:Core/Src/syscalls.c ****  * Copyright (c) 2021 STMicroelectronics.
  14:Core/Src/syscalls.c ****  * All rights reserved.
  15:Core/Src/syscalls.c ****  *
  16:Core/Src/syscalls.c ****  * This software is licensed under terms that can be found in the LICENSE file
  17:Core/Src/syscalls.c ****  * in the root directory of this software component.
  18:Core/Src/syscalls.c ****  * If no LICENSE file comes with this software, it is provided AS-IS.
  19:Core/Src/syscalls.c ****  *
  20:Core/Src/syscalls.c ****  ******************************************************************************
  21:Core/Src/syscalls.c ****  */
  22:Core/Src/syscalls.c **** 
ARM GAS  C:\Users\SOLDER~1\AppData\Local\Temp\cc3Axwaf.s 			page 2


  23:Core/Src/syscalls.c **** /* Includes */
  24:Core/Src/syscalls.c **** #include <sys/stat.h>
  25:Core/Src/syscalls.c **** #include <stdlib.h>
  26:Core/Src/syscalls.c **** #include <errno.h>
  27:Core/Src/syscalls.c **** #include <stdio.h>
  28:Core/Src/syscalls.c **** #include <signal.h>
  29:Core/Src/syscalls.c **** #include <time.h>
  30:Core/Src/syscalls.c **** #include <sys/time.h>
  31:Core/Src/syscalls.c **** #include <sys/times.h>
  32:Core/Src/syscalls.c **** 
  33:Core/Src/syscalls.c **** 
  34:Core/Src/syscalls.c **** /* Variables */
  35:Core/Src/syscalls.c **** extern int __io_putchar(int ch) __attribute__((weak));
  36:Core/Src/syscalls.c **** extern int __io_getchar(void) __attribute__((weak));
  37:Core/Src/syscalls.c **** 
  38:Core/Src/syscalls.c **** 
  39:Core/Src/syscalls.c **** char *__env[1] = { 0 };
  40:Core/Src/syscalls.c **** char **environ = __env;
  41:Core/Src/syscalls.c **** 
  42:Core/Src/syscalls.c **** 
  43:Core/Src/syscalls.c **** /* Functions */
  44:Core/Src/syscalls.c **** void initialise_monitor_handles()
  45:Core/Src/syscalls.c **** {
  41              		.loc 1 45 1
  42              		.cfi_startproc
  43              		@ args = 0, pretend = 0, frame = 0
  44              		@ frame_needed = 1, uses_anonymous_args = 0
  45 0000 80B5     		push	{r7, lr}
  46              		.cfi_def_cfa_offset 8
  47              		.cfi_offset 7, -8
  48              		.cfi_offset 14, -4
  49 0002 00AF     		add	r7, sp, #0
  50              		.cfi_def_cfa_register 7
  46:Core/Src/syscalls.c **** }
  51              		.loc 1 46 1
  52 0004 C046     		nop
  53 0006 BD46     		mov	sp, r7
  54              		@ sp needed
  55 0008 80BD     		pop	{r7, pc}
  56              		.cfi_endproc
  57              	.LFE25:
  59              		.section	.text._getpid,"ax",%progbits
  60              		.align	1
  61              		.global	_getpid
  62              		.syntax unified
  63              		.code	16
  64              		.thumb_func
  66              	_getpid:
  67              	.LFB26:
  47:Core/Src/syscalls.c **** 
  48:Core/Src/syscalls.c **** int _getpid(void)
  49:Core/Src/syscalls.c **** {
  68              		.loc 1 49 1
  69              		.cfi_startproc
  70              		@ args = 0, pretend = 0, frame = 0
  71              		@ frame_needed = 1, uses_anonymous_args = 0
  72 0000 80B5     		push	{r7, lr}
ARM GAS  C:\Users\SOLDER~1\AppData\Local\Temp\cc3Axwaf.s 			page 3


  73              		.cfi_def_cfa_offset 8
  74              		.cfi_offset 7, -8
  75              		.cfi_offset 14, -4
  76 0002 00AF     		add	r7, sp, #0
  77              		.cfi_def_cfa_register 7
  50:Core/Src/syscalls.c **** 	return 1;
  78              		.loc 1 50 9
  79 0004 0123     		movs	r3, #1
  51:Core/Src/syscalls.c **** }
  80              		.loc 1 51 1
  81 0006 1800     		movs	r0, r3
  82 0008 BD46     		mov	sp, r7
  83              		@ sp needed
  84 000a 80BD     		pop	{r7, pc}
  85              		.cfi_endproc
  86              	.LFE26:
  88              		.section	.text._kill,"ax",%progbits
  89              		.align	1
  90              		.global	_kill
  91              		.syntax unified
  92              		.code	16
  93              		.thumb_func
  95              	_kill:
  96              	.LFB27:
  52:Core/Src/syscalls.c **** 
  53:Core/Src/syscalls.c **** int _kill(int pid, int sig)
  54:Core/Src/syscalls.c **** {
  97              		.loc 1 54 1
  98              		.cfi_startproc
  99              		@ args = 0, pretend = 0, frame = 8
 100              		@ frame_needed = 1, uses_anonymous_args = 0
 101 0000 80B5     		push	{r7, lr}
 102              		.cfi_def_cfa_offset 8
 103              		.cfi_offset 7, -8
 104              		.cfi_offset 14, -4
 105 0002 82B0     		sub	sp, sp, #8
 106              		.cfi_def_cfa_offset 16
 107 0004 00AF     		add	r7, sp, #0
 108              		.cfi_def_cfa_register 7
 109 0006 7860     		str	r0, [r7, #4]
 110 0008 3960     		str	r1, [r7]
  55:Core/Src/syscalls.c **** 	errno = EINVAL;
 111              		.loc 1 55 2
 112 000a FFF7FEFF 		bl	__errno
 113 000e 0300     		movs	r3, r0
 114              		.loc 1 55 8
 115 0010 1622     		movs	r2, #22
 116 0012 1A60     		str	r2, [r3]
  56:Core/Src/syscalls.c **** 	return -1;
 117              		.loc 1 56 9
 118 0014 0123     		movs	r3, #1
 119 0016 5B42     		rsbs	r3, r3, #0
  57:Core/Src/syscalls.c **** }
 120              		.loc 1 57 1
 121 0018 1800     		movs	r0, r3
 122 001a BD46     		mov	sp, r7
 123 001c 02B0     		add	sp, sp, #8
ARM GAS  C:\Users\SOLDER~1\AppData\Local\Temp\cc3Axwaf.s 			page 4


 124              		@ sp needed
 125 001e 80BD     		pop	{r7, pc}
 126              		.cfi_endproc
 127              	.LFE27:
 129              		.section	.text._exit,"ax",%progbits
 130              		.align	1
 131              		.global	_exit
 132              		.syntax unified
 133              		.code	16
 134              		.thumb_func
 136              	_exit:
 137              	.LFB28:
  58:Core/Src/syscalls.c **** 
  59:Core/Src/syscalls.c **** void _exit (int status)
  60:Core/Src/syscalls.c **** {
 138              		.loc 1 60 1
 139              		.cfi_startproc
 140              		@ args = 0, pretend = 0, frame = 8
 141              		@ frame_needed = 1, uses_anonymous_args = 0
 142 0000 80B5     		push	{r7, lr}
 143              		.cfi_def_cfa_offset 8
 144              		.cfi_offset 7, -8
 145              		.cfi_offset 14, -4
 146 0002 82B0     		sub	sp, sp, #8
 147              		.cfi_def_cfa_offset 16
 148 0004 00AF     		add	r7, sp, #0
 149              		.cfi_def_cfa_register 7
 150 0006 7860     		str	r0, [r7, #4]
  61:Core/Src/syscalls.c **** 	_kill(status, -1);
 151              		.loc 1 61 2
 152 0008 0123     		movs	r3, #1
 153 000a 5A42     		rsbs	r2, r3, #0
 154 000c 7B68     		ldr	r3, [r7, #4]
 155 000e 1100     		movs	r1, r2
 156 0010 1800     		movs	r0, r3
 157 0012 FFF7FEFF 		bl	_kill
 158              	.L7:
  62:Core/Src/syscalls.c **** 	while (1) {}		/* Make sure we hang here */
 159              		.loc 1 62 8 discriminator 1
 160 0016 FEE7     		b	.L7
 161              		.cfi_endproc
 162              	.LFE28:
 164              		.section	.text._read,"ax",%progbits
 165              		.align	1
 166              		.weak	_read
 167              		.syntax unified
 168              		.code	16
 169              		.thumb_func
 171              	_read:
 172              	.LFB29:
  63:Core/Src/syscalls.c **** }
  64:Core/Src/syscalls.c **** 
  65:Core/Src/syscalls.c **** __attribute__((weak)) int _read(int file, char *ptr, int len)
  66:Core/Src/syscalls.c **** {
 173              		.loc 1 66 1
 174              		.cfi_startproc
 175              		@ args = 0, pretend = 0, frame = 24
ARM GAS  C:\Users\SOLDER~1\AppData\Local\Temp\cc3Axwaf.s 			page 5


 176              		@ frame_needed = 1, uses_anonymous_args = 0
 177 0000 80B5     		push	{r7, lr}
 178              		.cfi_def_cfa_offset 8
 179              		.cfi_offset 7, -8
 180              		.cfi_offset 14, -4
 181 0002 86B0     		sub	sp, sp, #24
 182              		.cfi_def_cfa_offset 32
 183 0004 00AF     		add	r7, sp, #0
 184              		.cfi_def_cfa_register 7
 185 0006 F860     		str	r0, [r7, #12]
 186 0008 B960     		str	r1, [r7, #8]
 187 000a 7A60     		str	r2, [r7, #4]
  67:Core/Src/syscalls.c **** 	int DataIdx;
  68:Core/Src/syscalls.c **** 
  69:Core/Src/syscalls.c **** 	for (DataIdx = 0; DataIdx < len; DataIdx++)
 188              		.loc 1 69 15
 189 000c 0023     		movs	r3, #0
 190 000e 7B61     		str	r3, [r7, #20]
 191              		.loc 1 69 2
 192 0010 0AE0     		b	.L9
 193              	.L10:
  70:Core/Src/syscalls.c **** 	{
  71:Core/Src/syscalls.c **** 		*ptr++ = __io_getchar();
 194              		.loc 1 71 12 discriminator 3
 195 0012 FFF7FEFF 		bl	__io_getchar
 196 0016 0100     		movs	r1, r0
 197              		.loc 1 71 7 discriminator 3
 198 0018 BB68     		ldr	r3, [r7, #8]
 199 001a 5A1C     		adds	r2, r3, #1
 200 001c BA60     		str	r2, [r7, #8]
 201              		.loc 1 71 10 discriminator 3
 202 001e CAB2     		uxtb	r2, r1
 203 0020 1A70     		strb	r2, [r3]
  69:Core/Src/syscalls.c **** 	{
 204              		.loc 1 69 42 discriminator 3
 205 0022 7B69     		ldr	r3, [r7, #20]
 206 0024 0133     		adds	r3, r3, #1
 207 0026 7B61     		str	r3, [r7, #20]
 208              	.L9:
  69:Core/Src/syscalls.c **** 	{
 209              		.loc 1 69 2 discriminator 1
 210 0028 7A69     		ldr	r2, [r7, #20]
 211 002a 7B68     		ldr	r3, [r7, #4]
 212 002c 9A42     		cmp	r2, r3
 213 002e F0DB     		blt	.L10
  72:Core/Src/syscalls.c **** 	}
  73:Core/Src/syscalls.c **** 
  74:Core/Src/syscalls.c **** return len;
 214              		.loc 1 74 8
 215 0030 7B68     		ldr	r3, [r7, #4]
  75:Core/Src/syscalls.c **** }
 216              		.loc 1 75 1
 217 0032 1800     		movs	r0, r3
 218 0034 BD46     		mov	sp, r7
 219 0036 06B0     		add	sp, sp, #24
 220              		@ sp needed
 221 0038 80BD     		pop	{r7, pc}
ARM GAS  C:\Users\SOLDER~1\AppData\Local\Temp\cc3Axwaf.s 			page 6


 222              		.cfi_endproc
 223              	.LFE29:
 225              		.section	.text._write,"ax",%progbits
 226              		.align	1
 227              		.weak	_write
 228              		.syntax unified
 229              		.code	16
 230              		.thumb_func
 232              	_write:
 233              	.LFB30:
  76:Core/Src/syscalls.c **** 
  77:Core/Src/syscalls.c **** __attribute__((weak)) int _write(int file, char *ptr, int len)
  78:Core/Src/syscalls.c **** {
 234              		.loc 1 78 1
 235              		.cfi_startproc
 236              		@ args = 0, pretend = 0, frame = 24
 237              		@ frame_needed = 1, uses_anonymous_args = 0
 238 0000 80B5     		push	{r7, lr}
 239              		.cfi_def_cfa_offset 8
 240              		.cfi_offset 7, -8
 241              		.cfi_offset 14, -4
 242 0002 86B0     		sub	sp, sp, #24
 243              		.cfi_def_cfa_offset 32
 244 0004 00AF     		add	r7, sp, #0
 245              		.cfi_def_cfa_register 7
 246 0006 F860     		str	r0, [r7, #12]
 247 0008 B960     		str	r1, [r7, #8]
 248 000a 7A60     		str	r2, [r7, #4]
  79:Core/Src/syscalls.c **** 	int DataIdx;
  80:Core/Src/syscalls.c **** 
  81:Core/Src/syscalls.c **** 	for (DataIdx = 0; DataIdx < len; DataIdx++)
 249              		.loc 1 81 15
 250 000c 0023     		movs	r3, #0
 251 000e 7B61     		str	r3, [r7, #20]
 252              		.loc 1 81 2
 253 0010 09E0     		b	.L13
 254              	.L14:
  82:Core/Src/syscalls.c **** 	{
  83:Core/Src/syscalls.c **** 		__io_putchar(*ptr++);
 255              		.loc 1 83 20 discriminator 3
 256 0012 BB68     		ldr	r3, [r7, #8]
 257 0014 5A1C     		adds	r2, r3, #1
 258 0016 BA60     		str	r2, [r7, #8]
 259              		.loc 1 83 16 discriminator 3
 260 0018 1B78     		ldrb	r3, [r3]
 261              		.loc 1 83 3 discriminator 3
 262 001a 1800     		movs	r0, r3
 263 001c FFF7FEFF 		bl	__io_putchar
  81:Core/Src/syscalls.c **** 	{
 264              		.loc 1 81 42 discriminator 3
 265 0020 7B69     		ldr	r3, [r7, #20]
 266 0022 0133     		adds	r3, r3, #1
 267 0024 7B61     		str	r3, [r7, #20]
 268              	.L13:
  81:Core/Src/syscalls.c **** 	{
 269              		.loc 1 81 2 discriminator 1
 270 0026 7A69     		ldr	r2, [r7, #20]
ARM GAS  C:\Users\SOLDER~1\AppData\Local\Temp\cc3Axwaf.s 			page 7


 271 0028 7B68     		ldr	r3, [r7, #4]
 272 002a 9A42     		cmp	r2, r3
 273 002c F1DB     		blt	.L14
  84:Core/Src/syscalls.c **** 	}
  85:Core/Src/syscalls.c **** 	return len;
 274              		.loc 1 85 9
 275 002e 7B68     		ldr	r3, [r7, #4]
  86:Core/Src/syscalls.c **** }
 276              		.loc 1 86 1
 277 0030 1800     		movs	r0, r3
 278 0032 BD46     		mov	sp, r7
 279 0034 06B0     		add	sp, sp, #24
 280              		@ sp needed
 281 0036 80BD     		pop	{r7, pc}
 282              		.cfi_endproc
 283              	.LFE30:
 285              		.section	.text._close,"ax",%progbits
 286              		.align	1
 287              		.global	_close
 288              		.syntax unified
 289              		.code	16
 290              		.thumb_func
 292              	_close:
 293              	.LFB31:
  87:Core/Src/syscalls.c **** 
  88:Core/Src/syscalls.c **** int _close(int file)
  89:Core/Src/syscalls.c **** {
 294              		.loc 1 89 1
 295              		.cfi_startproc
 296              		@ args = 0, pretend = 0, frame = 8
 297              		@ frame_needed = 1, uses_anonymous_args = 0
 298 0000 80B5     		push	{r7, lr}
 299              		.cfi_def_cfa_offset 8
 300              		.cfi_offset 7, -8
 301              		.cfi_offset 14, -4
 302 0002 82B0     		sub	sp, sp, #8
 303              		.cfi_def_cfa_offset 16
 304 0004 00AF     		add	r7, sp, #0
 305              		.cfi_def_cfa_register 7
 306 0006 7860     		str	r0, [r7, #4]
  90:Core/Src/syscalls.c **** 	return -1;
 307              		.loc 1 90 9
 308 0008 0123     		movs	r3, #1
 309 000a 5B42     		rsbs	r3, r3, #0
  91:Core/Src/syscalls.c **** }
 310              		.loc 1 91 1
 311 000c 1800     		movs	r0, r3
 312 000e BD46     		mov	sp, r7
 313 0010 02B0     		add	sp, sp, #8
 314              		@ sp needed
 315 0012 80BD     		pop	{r7, pc}
 316              		.cfi_endproc
 317              	.LFE31:
 319              		.section	.text._fstat,"ax",%progbits
 320              		.align	1
 321              		.global	_fstat
 322              		.syntax unified
ARM GAS  C:\Users\SOLDER~1\AppData\Local\Temp\cc3Axwaf.s 			page 8


 323              		.code	16
 324              		.thumb_func
 326              	_fstat:
 327              	.LFB32:
  92:Core/Src/syscalls.c **** 
  93:Core/Src/syscalls.c **** 
  94:Core/Src/syscalls.c **** int _fstat(int file, struct stat *st)
  95:Core/Src/syscalls.c **** {
 328              		.loc 1 95 1
 329              		.cfi_startproc
 330              		@ args = 0, pretend = 0, frame = 8
 331              		@ frame_needed = 1, uses_anonymous_args = 0
 332 0000 80B5     		push	{r7, lr}
 333              		.cfi_def_cfa_offset 8
 334              		.cfi_offset 7, -8
 335              		.cfi_offset 14, -4
 336 0002 82B0     		sub	sp, sp, #8
 337              		.cfi_def_cfa_offset 16
 338 0004 00AF     		add	r7, sp, #0
 339              		.cfi_def_cfa_register 7
 340 0006 7860     		str	r0, [r7, #4]
 341 0008 3960     		str	r1, [r7]
  96:Core/Src/syscalls.c **** 	st->st_mode = S_IFCHR;
 342              		.loc 1 96 14
 343 000a 3B68     		ldr	r3, [r7]
 344 000c 8022     		movs	r2, #128
 345 000e 9201     		lsls	r2, r2, #6
 346 0010 5A60     		str	r2, [r3, #4]
  97:Core/Src/syscalls.c **** 	return 0;
 347              		.loc 1 97 9
 348 0012 0023     		movs	r3, #0
  98:Core/Src/syscalls.c **** }
 349              		.loc 1 98 1
 350 0014 1800     		movs	r0, r3
 351 0016 BD46     		mov	sp, r7
 352 0018 02B0     		add	sp, sp, #8
 353              		@ sp needed
 354 001a 80BD     		pop	{r7, pc}
 355              		.cfi_endproc
 356              	.LFE32:
 358              		.section	.text._isatty,"ax",%progbits
 359              		.align	1
 360              		.global	_isatty
 361              		.syntax unified
 362              		.code	16
 363              		.thumb_func
 365              	_isatty:
 366              	.LFB33:
  99:Core/Src/syscalls.c **** 
 100:Core/Src/syscalls.c **** int _isatty(int file)
 101:Core/Src/syscalls.c **** {
 367              		.loc 1 101 1
 368              		.cfi_startproc
 369              		@ args = 0, pretend = 0, frame = 8
 370              		@ frame_needed = 1, uses_anonymous_args = 0
 371 0000 80B5     		push	{r7, lr}
 372              		.cfi_def_cfa_offset 8
ARM GAS  C:\Users\SOLDER~1\AppData\Local\Temp\cc3Axwaf.s 			page 9


 373              		.cfi_offset 7, -8
 374              		.cfi_offset 14, -4
 375 0002 82B0     		sub	sp, sp, #8
 376              		.cfi_def_cfa_offset 16
 377 0004 00AF     		add	r7, sp, #0
 378              		.cfi_def_cfa_register 7
 379 0006 7860     		str	r0, [r7, #4]
 102:Core/Src/syscalls.c **** 	return 1;
 380              		.loc 1 102 9
 381 0008 0123     		movs	r3, #1
 103:Core/Src/syscalls.c **** }
 382              		.loc 1 103 1
 383 000a 1800     		movs	r0, r3
 384 000c BD46     		mov	sp, r7
 385 000e 02B0     		add	sp, sp, #8
 386              		@ sp needed
 387 0010 80BD     		pop	{r7, pc}
 388              		.cfi_endproc
 389              	.LFE33:
 391              		.section	.text._lseek,"ax",%progbits
 392              		.align	1
 393              		.global	_lseek
 394              		.syntax unified
 395              		.code	16
 396              		.thumb_func
 398              	_lseek:
 399              	.LFB34:
 104:Core/Src/syscalls.c **** 
 105:Core/Src/syscalls.c **** int _lseek(int file, int ptr, int dir)
 106:Core/Src/syscalls.c **** {
 400              		.loc 1 106 1
 401              		.cfi_startproc
 402              		@ args = 0, pretend = 0, frame = 16
 403              		@ frame_needed = 1, uses_anonymous_args = 0
 404 0000 80B5     		push	{r7, lr}
 405              		.cfi_def_cfa_offset 8
 406              		.cfi_offset 7, -8
 407              		.cfi_offset 14, -4
 408 0002 84B0     		sub	sp, sp, #16
 409              		.cfi_def_cfa_offset 24
 410 0004 00AF     		add	r7, sp, #0
 411              		.cfi_def_cfa_register 7
 412 0006 F860     		str	r0, [r7, #12]
 413 0008 B960     		str	r1, [r7, #8]
 414 000a 7A60     		str	r2, [r7, #4]
 107:Core/Src/syscalls.c **** 	return 0;
 415              		.loc 1 107 9
 416 000c 0023     		movs	r3, #0
 108:Core/Src/syscalls.c **** }
 417              		.loc 1 108 1
 418 000e 1800     		movs	r0, r3
 419 0010 BD46     		mov	sp, r7
 420 0012 04B0     		add	sp, sp, #16
 421              		@ sp needed
 422 0014 80BD     		pop	{r7, pc}
 423              		.cfi_endproc
 424              	.LFE34:
ARM GAS  C:\Users\SOLDER~1\AppData\Local\Temp\cc3Axwaf.s 			page 10


 426              		.section	.text._open,"ax",%progbits
 427              		.align	1
 428              		.global	_open
 429              		.syntax unified
 430              		.code	16
 431              		.thumb_func
 433              	_open:
 434              	.LFB35:
 109:Core/Src/syscalls.c **** 
 110:Core/Src/syscalls.c **** int _open(char *path, int flags, ...)
 111:Core/Src/syscalls.c **** {
 435              		.loc 1 111 1
 436              		.cfi_startproc
 437              		@ args = 4, pretend = 12, frame = 8
 438              		@ frame_needed = 1, uses_anonymous_args = 1
 439 0000 0EB4     		push	{r1, r2, r3}
 440              		.cfi_def_cfa_offset 12
 441 0002 80B5     		push	{r7, lr}
 442              		.cfi_def_cfa_offset 20
 443              		.cfi_offset 7, -20
 444              		.cfi_offset 14, -16
 445 0004 83B0     		sub	sp, sp, #12
 446              		.cfi_def_cfa_offset 32
 447 0006 00AF     		add	r7, sp, #0
 448              		.cfi_def_cfa_register 7
 449 0008 7860     		str	r0, [r7, #4]
 112:Core/Src/syscalls.c **** 	/* Pretend like we always fail */
 113:Core/Src/syscalls.c **** 	return -1;
 450              		.loc 1 113 9
 451 000a 0123     		movs	r3, #1
 452 000c 5B42     		rsbs	r3, r3, #0
 114:Core/Src/syscalls.c **** }
 453              		.loc 1 114 1
 454 000e 1800     		movs	r0, r3
 455 0010 BD46     		mov	sp, r7
 456 0012 03B0     		add	sp, sp, #12
 457              		@ sp needed
 458 0014 80BC     		pop	{r7}
 459 0016 08BC     		pop	{r3}
 460 0018 03B0     		add	sp, sp, #12
 461 001a 1847     		bx	r3
 462              		.cfi_endproc
 463              	.LFE35:
 465              		.section	.text._wait,"ax",%progbits
 466              		.align	1
 467              		.global	_wait
 468              		.syntax unified
 469              		.code	16
 470              		.thumb_func
 472              	_wait:
 473              	.LFB36:
 115:Core/Src/syscalls.c **** 
 116:Core/Src/syscalls.c **** int _wait(int *status)
 117:Core/Src/syscalls.c **** {
 474              		.loc 1 117 1
 475              		.cfi_startproc
 476              		@ args = 0, pretend = 0, frame = 8
ARM GAS  C:\Users\SOLDER~1\AppData\Local\Temp\cc3Axwaf.s 			page 11


 477              		@ frame_needed = 1, uses_anonymous_args = 0
 478 0000 80B5     		push	{r7, lr}
 479              		.cfi_def_cfa_offset 8
 480              		.cfi_offset 7, -8
 481              		.cfi_offset 14, -4
 482 0002 82B0     		sub	sp, sp, #8
 483              		.cfi_def_cfa_offset 16
 484 0004 00AF     		add	r7, sp, #0
 485              		.cfi_def_cfa_register 7
 486 0006 7860     		str	r0, [r7, #4]
 118:Core/Src/syscalls.c **** 	errno = ECHILD;
 487              		.loc 1 118 2
 488 0008 FFF7FEFF 		bl	__errno
 489 000c 0300     		movs	r3, r0
 490              		.loc 1 118 8
 491 000e 0A22     		movs	r2, #10
 492 0010 1A60     		str	r2, [r3]
 119:Core/Src/syscalls.c **** 	return -1;
 493              		.loc 1 119 9
 494 0012 0123     		movs	r3, #1
 495 0014 5B42     		rsbs	r3, r3, #0
 120:Core/Src/syscalls.c **** }
 496              		.loc 1 120 1
 497 0016 1800     		movs	r0, r3
 498 0018 BD46     		mov	sp, r7
 499 001a 02B0     		add	sp, sp, #8
 500              		@ sp needed
 501 001c 80BD     		pop	{r7, pc}
 502              		.cfi_endproc
 503              	.LFE36:
 505              		.section	.text._unlink,"ax",%progbits
 506              		.align	1
 507              		.global	_unlink
 508              		.syntax unified
 509              		.code	16
 510              		.thumb_func
 512              	_unlink:
 513              	.LFB37:
 121:Core/Src/syscalls.c **** 
 122:Core/Src/syscalls.c **** int _unlink(char *name)
 123:Core/Src/syscalls.c **** {
 514              		.loc 1 123 1
 515              		.cfi_startproc
 516              		@ args = 0, pretend = 0, frame = 8
 517              		@ frame_needed = 1, uses_anonymous_args = 0
 518 0000 80B5     		push	{r7, lr}
 519              		.cfi_def_cfa_offset 8
 520              		.cfi_offset 7, -8
 521              		.cfi_offset 14, -4
 522 0002 82B0     		sub	sp, sp, #8
 523              		.cfi_def_cfa_offset 16
 524 0004 00AF     		add	r7, sp, #0
 525              		.cfi_def_cfa_register 7
 526 0006 7860     		str	r0, [r7, #4]
 124:Core/Src/syscalls.c **** 	errno = ENOENT;
 527              		.loc 1 124 2
 528 0008 FFF7FEFF 		bl	__errno
ARM GAS  C:\Users\SOLDER~1\AppData\Local\Temp\cc3Axwaf.s 			page 12


 529 000c 0300     		movs	r3, r0
 530              		.loc 1 124 8
 531 000e 0222     		movs	r2, #2
 532 0010 1A60     		str	r2, [r3]
 125:Core/Src/syscalls.c **** 	return -1;
 533              		.loc 1 125 9
 534 0012 0123     		movs	r3, #1
 535 0014 5B42     		rsbs	r3, r3, #0
 126:Core/Src/syscalls.c **** }
 536              		.loc 1 126 1
 537 0016 1800     		movs	r0, r3
 538 0018 BD46     		mov	sp, r7
 539 001a 02B0     		add	sp, sp, #8
 540              		@ sp needed
 541 001c 80BD     		pop	{r7, pc}
 542              		.cfi_endproc
 543              	.LFE37:
 545              		.section	.text._times,"ax",%progbits
 546              		.align	1
 547              		.global	_times
 548              		.syntax unified
 549              		.code	16
 550              		.thumb_func
 552              	_times:
 553              	.LFB38:
 127:Core/Src/syscalls.c **** 
 128:Core/Src/syscalls.c **** int _times(struct tms *buf)
 129:Core/Src/syscalls.c **** {
 554              		.loc 1 129 1
 555              		.cfi_startproc
 556              		@ args = 0, pretend = 0, frame = 8
 557              		@ frame_needed = 1, uses_anonymous_args = 0
 558 0000 80B5     		push	{r7, lr}
 559              		.cfi_def_cfa_offset 8
 560              		.cfi_offset 7, -8
 561              		.cfi_offset 14, -4
 562 0002 82B0     		sub	sp, sp, #8
 563              		.cfi_def_cfa_offset 16
 564 0004 00AF     		add	r7, sp, #0
 565              		.cfi_def_cfa_register 7
 566 0006 7860     		str	r0, [r7, #4]
 130:Core/Src/syscalls.c **** 	return -1;
 567              		.loc 1 130 9
 568 0008 0123     		movs	r3, #1
 569 000a 5B42     		rsbs	r3, r3, #0
 131:Core/Src/syscalls.c **** }
 570              		.loc 1 131 1
 571 000c 1800     		movs	r0, r3
 572 000e BD46     		mov	sp, r7
 573 0010 02B0     		add	sp, sp, #8
 574              		@ sp needed
 575 0012 80BD     		pop	{r7, pc}
 576              		.cfi_endproc
 577              	.LFE38:
 579              		.section	.text._stat,"ax",%progbits
 580              		.align	1
 581              		.global	_stat
ARM GAS  C:\Users\SOLDER~1\AppData\Local\Temp\cc3Axwaf.s 			page 13


 582              		.syntax unified
 583              		.code	16
 584              		.thumb_func
 586              	_stat:
 587              	.LFB39:
 132:Core/Src/syscalls.c **** 
 133:Core/Src/syscalls.c **** int _stat(char *file, struct stat *st)
 134:Core/Src/syscalls.c **** {
 588              		.loc 1 134 1
 589              		.cfi_startproc
 590              		@ args = 0, pretend = 0, frame = 8
 591              		@ frame_needed = 1, uses_anonymous_args = 0
 592 0000 80B5     		push	{r7, lr}
 593              		.cfi_def_cfa_offset 8
 594              		.cfi_offset 7, -8
 595              		.cfi_offset 14, -4
 596 0002 82B0     		sub	sp, sp, #8
 597              		.cfi_def_cfa_offset 16
 598 0004 00AF     		add	r7, sp, #0
 599              		.cfi_def_cfa_register 7
 600 0006 7860     		str	r0, [r7, #4]
 601 0008 3960     		str	r1, [r7]
 135:Core/Src/syscalls.c **** 	st->st_mode = S_IFCHR;
 602              		.loc 1 135 14
 603 000a 3B68     		ldr	r3, [r7]
 604 000c 8022     		movs	r2, #128
 605 000e 9201     		lsls	r2, r2, #6
 606 0010 5A60     		str	r2, [r3, #4]
 136:Core/Src/syscalls.c **** 	return 0;
 607              		.loc 1 136 9
 608 0012 0023     		movs	r3, #0
 137:Core/Src/syscalls.c **** }
 609              		.loc 1 137 1
 610 0014 1800     		movs	r0, r3
 611 0016 BD46     		mov	sp, r7
 612 0018 02B0     		add	sp, sp, #8
 613              		@ sp needed
 614 001a 80BD     		pop	{r7, pc}
 615              		.cfi_endproc
 616              	.LFE39:
 618              		.section	.text._link,"ax",%progbits
 619              		.align	1
 620              		.global	_link
 621              		.syntax unified
 622              		.code	16
 623              		.thumb_func
 625              	_link:
 626              	.LFB40:
 138:Core/Src/syscalls.c **** 
 139:Core/Src/syscalls.c **** int _link(char *old, char *new)
 140:Core/Src/syscalls.c **** {
 627              		.loc 1 140 1
 628              		.cfi_startproc
 629              		@ args = 0, pretend = 0, frame = 8
 630              		@ frame_needed = 1, uses_anonymous_args = 0
 631 0000 80B5     		push	{r7, lr}
 632              		.cfi_def_cfa_offset 8
ARM GAS  C:\Users\SOLDER~1\AppData\Local\Temp\cc3Axwaf.s 			page 14


 633              		.cfi_offset 7, -8
 634              		.cfi_offset 14, -4
 635 0002 82B0     		sub	sp, sp, #8
 636              		.cfi_def_cfa_offset 16
 637 0004 00AF     		add	r7, sp, #0
 638              		.cfi_def_cfa_register 7
 639 0006 7860     		str	r0, [r7, #4]
 640 0008 3960     		str	r1, [r7]
 141:Core/Src/syscalls.c **** 	errno = EMLINK;
 641              		.loc 1 141 2
 642 000a FFF7FEFF 		bl	__errno
 643 000e 0300     		movs	r3, r0
 644              		.loc 1 141 8
 645 0010 1F22     		movs	r2, #31
 646 0012 1A60     		str	r2, [r3]
 142:Core/Src/syscalls.c **** 	return -1;
 647              		.loc 1 142 9
 648 0014 0123     		movs	r3, #1
 649 0016 5B42     		rsbs	r3, r3, #0
 143:Core/Src/syscalls.c **** }
 650              		.loc 1 143 1
 651 0018 1800     		movs	r0, r3
 652 001a BD46     		mov	sp, r7
 653 001c 02B0     		add	sp, sp, #8
 654              		@ sp needed
 655 001e 80BD     		pop	{r7, pc}
 656              		.cfi_endproc
 657              	.LFE40:
 659              		.section	.text._fork,"ax",%progbits
 660              		.align	1
 661              		.global	_fork
 662              		.syntax unified
 663              		.code	16
 664              		.thumb_func
 666              	_fork:
 667              	.LFB41:
 144:Core/Src/syscalls.c **** 
 145:Core/Src/syscalls.c **** int _fork(void)
 146:Core/Src/syscalls.c **** {
 668              		.loc 1 146 1
 669              		.cfi_startproc
 670              		@ args = 0, pretend = 0, frame = 0
 671              		@ frame_needed = 1, uses_anonymous_args = 0
 672 0000 80B5     		push	{r7, lr}
 673              		.cfi_def_cfa_offset 8
 674              		.cfi_offset 7, -8
 675              		.cfi_offset 14, -4
 676 0002 00AF     		add	r7, sp, #0
 677              		.cfi_def_cfa_register 7
 147:Core/Src/syscalls.c **** 	errno = EAGAIN;
 678              		.loc 1 147 2
 679 0004 FFF7FEFF 		bl	__errno
 680 0008 0300     		movs	r3, r0
 681              		.loc 1 147 8
 682 000a 0B22     		movs	r2, #11
 683 000c 1A60     		str	r2, [r3]
 148:Core/Src/syscalls.c **** 	return -1;
ARM GAS  C:\Users\SOLDER~1\AppData\Local\Temp\cc3Axwaf.s 			page 15


 684              		.loc 1 148 9
 685 000e 0123     		movs	r3, #1
 686 0010 5B42     		rsbs	r3, r3, #0
 149:Core/Src/syscalls.c **** }
 687              		.loc 1 149 1
 688 0012 1800     		movs	r0, r3
 689 0014 BD46     		mov	sp, r7
 690              		@ sp needed
 691 0016 80BD     		pop	{r7, pc}
 692              		.cfi_endproc
 693              	.LFE41:
 695              		.section	.text._execve,"ax",%progbits
 696              		.align	1
 697              		.global	_execve
 698              		.syntax unified
 699              		.code	16
 700              		.thumb_func
 702              	_execve:
 703              	.LFB42:
 150:Core/Src/syscalls.c **** 
 151:Core/Src/syscalls.c **** int _execve(char *name, char **argv, char **env)
 152:Core/Src/syscalls.c **** {
 704              		.loc 1 152 1
 705              		.cfi_startproc
 706              		@ args = 0, pretend = 0, frame = 16
 707              		@ frame_needed = 1, uses_anonymous_args = 0
 708 0000 80B5     		push	{r7, lr}
 709              		.cfi_def_cfa_offset 8
 710              		.cfi_offset 7, -8
 711              		.cfi_offset 14, -4
 712 0002 84B0     		sub	sp, sp, #16
 713              		.cfi_def_cfa_offset 24
 714 0004 00AF     		add	r7, sp, #0
 715              		.cfi_def_cfa_register 7
 716 0006 F860     		str	r0, [r7, #12]
 717 0008 B960     		str	r1, [r7, #8]
 718 000a 7A60     		str	r2, [r7, #4]
 153:Core/Src/syscalls.c **** 	errno = ENOMEM;
 719              		.loc 1 153 2
 720 000c FFF7FEFF 		bl	__errno
 721 0010 0300     		movs	r3, r0
 722              		.loc 1 153 8
 723 0012 0C22     		movs	r2, #12
 724 0014 1A60     		str	r2, [r3]
 154:Core/Src/syscalls.c **** 	return -1;
 725              		.loc 1 154 9
 726 0016 0123     		movs	r3, #1
 727 0018 5B42     		rsbs	r3, r3, #0
 155:Core/Src/syscalls.c **** }
 728              		.loc 1 155 1
 729 001a 1800     		movs	r0, r3
 730 001c BD46     		mov	sp, r7
 731 001e 04B0     		add	sp, sp, #16
 732              		@ sp needed
 733 0020 80BD     		pop	{r7, pc}
 734              		.cfi_endproc
 735              	.LFE42:
ARM GAS  C:\Users\SOLDER~1\AppData\Local\Temp\cc3Axwaf.s 			page 16


 737              		.weak	__io_putchar
 738              		.weak	__io_getchar
 739              		.text
 740              	.Letext0:
 741              		.file 2 "c:\\dev_tools\\stm32_tools\\gnu-tools-for-stm32.12.3\\tools\\arm-none-eabi\\include\\mach
 742              		.file 3 "c:\\dev_tools\\stm32_tools\\gnu-tools-for-stm32.12.3\\tools\\arm-none-eabi\\include\\sys\
 743              		.file 4 "c:\\dev_tools\\stm32_tools\\gnu-tools-for-stm32.12.3\\tools\\arm-none-eabi\\include\\sys\
 744              		.file 5 "c:\\dev_tools\\stm32_tools\\gnu-tools-for-stm32.12.3\\tools\\arm-none-eabi\\include\\sys\
 745              		.file 6 "c:\\dev_tools\\stm32_tools\\gnu-tools-for-stm32.12.3\\tools\\arm-none-eabi\\include\\sys\
 746              		.file 7 "c:\\dev_tools\\stm32_tools\\gnu-tools-for-stm32.12.3\\tools\\arm-none-eabi\\include\\sys\
 747              		.file 8 "c:\\dev_tools\\stm32_tools\\gnu-tools-for-stm32.12.3\\tools\\arm-none-eabi\\include\\sys\
ARM GAS  C:\Users\SOLDER~1\AppData\Local\Temp\cc3Axwaf.s 			page 17


DEFINED SYMBOLS
                            *ABS*:00000000 syscalls.c
C:\Users\SOLDER~1\AppData\Local\Temp\cc3Axwaf.s:22     .bss.__env:00000000 __env
C:\Users\SOLDER~1\AppData\Local\Temp\cc3Axwaf.s:19     .bss.__env:00000000 $d
C:\Users\SOLDER~1\AppData\Local\Temp\cc3Axwaf.s:29     .data.environ:00000000 environ
C:\Users\SOLDER~1\AppData\Local\Temp\cc3Axwaf.s:26     .data.environ:00000000 $d
C:\Users\SOLDER~1\AppData\Local\Temp\cc3Axwaf.s:32     .text.initialise_monitor_handles:00000000 $t
C:\Users\SOLDER~1\AppData\Local\Temp\cc3Axwaf.s:38     .text.initialise_monitor_handles:00000000 initialise_monitor_handles
C:\Users\SOLDER~1\AppData\Local\Temp\cc3Axwaf.s:60     .text._getpid:00000000 $t
C:\Users\SOLDER~1\AppData\Local\Temp\cc3Axwaf.s:66     .text._getpid:00000000 _getpid
C:\Users\SOLDER~1\AppData\Local\Temp\cc3Axwaf.s:89     .text._kill:00000000 $t
C:\Users\SOLDER~1\AppData\Local\Temp\cc3Axwaf.s:95     .text._kill:00000000 _kill
C:\Users\SOLDER~1\AppData\Local\Temp\cc3Axwaf.s:130    .text._exit:00000000 $t
C:\Users\SOLDER~1\AppData\Local\Temp\cc3Axwaf.s:136    .text._exit:00000000 _exit
C:\Users\SOLDER~1\AppData\Local\Temp\cc3Axwaf.s:165    .text._read:00000000 $t
C:\Users\SOLDER~1\AppData\Local\Temp\cc3Axwaf.s:171    .text._read:00000000 _read
C:\Users\SOLDER~1\AppData\Local\Temp\cc3Axwaf.s:226    .text._write:00000000 $t
C:\Users\SOLDER~1\AppData\Local\Temp\cc3Axwaf.s:232    .text._write:00000000 _write
C:\Users\SOLDER~1\AppData\Local\Temp\cc3Axwaf.s:286    .text._close:00000000 $t
C:\Users\SOLDER~1\AppData\Local\Temp\cc3Axwaf.s:292    .text._close:00000000 _close
C:\Users\SOLDER~1\AppData\Local\Temp\cc3Axwaf.s:320    .text._fstat:00000000 $t
C:\Users\SOLDER~1\AppData\Local\Temp\cc3Axwaf.s:326    .text._fstat:00000000 _fstat
C:\Users\SOLDER~1\AppData\Local\Temp\cc3Axwaf.s:359    .text._isatty:00000000 $t
C:\Users\SOLDER~1\AppData\Local\Temp\cc3Axwaf.s:365    .text._isatty:00000000 _isatty
C:\Users\SOLDER~1\AppData\Local\Temp\cc3Axwaf.s:392    .text._lseek:00000000 $t
C:\Users\SOLDER~1\AppData\Local\Temp\cc3Axwaf.s:398    .text._lseek:00000000 _lseek
C:\Users\SOLDER~1\AppData\Local\Temp\cc3Axwaf.s:427    .text._open:00000000 $t
C:\Users\SOLDER~1\AppData\Local\Temp\cc3Axwaf.s:433    .text._open:00000000 _open
C:\Users\SOLDER~1\AppData\Local\Temp\cc3Axwaf.s:466    .text._wait:00000000 $t
C:\Users\SOLDER~1\AppData\Local\Temp\cc3Axwaf.s:472    .text._wait:00000000 _wait
C:\Users\SOLDER~1\AppData\Local\Temp\cc3Axwaf.s:506    .text._unlink:00000000 $t
C:\Users\SOLDER~1\AppData\Local\Temp\cc3Axwaf.s:512    .text._unlink:00000000 _unlink
C:\Users\SOLDER~1\AppData\Local\Temp\cc3Axwaf.s:546    .text._times:00000000 $t
C:\Users\SOLDER~1\AppData\Local\Temp\cc3Axwaf.s:552    .text._times:00000000 _times
C:\Users\SOLDER~1\AppData\Local\Temp\cc3Axwaf.s:580    .text._stat:00000000 $t
C:\Users\SOLDER~1\AppData\Local\Temp\cc3Axwaf.s:586    .text._stat:00000000 _stat
C:\Users\SOLDER~1\AppData\Local\Temp\cc3Axwaf.s:619    .text._link:00000000 $t
C:\Users\SOLDER~1\AppData\Local\Temp\cc3Axwaf.s:625    .text._link:00000000 _link
C:\Users\SOLDER~1\AppData\Local\Temp\cc3Axwaf.s:660    .text._fork:00000000 $t
C:\Users\SOLDER~1\AppData\Local\Temp\cc3Axwaf.s:666    .text._fork:00000000 _fork
C:\Users\SOLDER~1\AppData\Local\Temp\cc3Axwaf.s:696    .text._execve:00000000 $t
C:\Users\SOLDER~1\AppData\Local\Temp\cc3Axwaf.s:702    .text._execve:00000000 _execve
                           .group:00000000 wm4.0.4c1577b45e89a7b63de7f514d8a51f3b
                           .group:00000000 wm4._newlib_version.h.4.bfdf54b0af045d4a71376ae00f63a22c
                           .group:00000000 wm4.newlib.h.34.314a350541e36f4baea3ec77033a1a03
                           .group:00000000 wm4.ieeefp.h.77.25247dc27dbe3b23bfe98c2dc18f6ac5
                           .group:00000000 wm4.features.h.22.fad1cec3bc7ff06488171438dbdcfd02
                           .group:00000000 wm4.config.h.224.79362c3cdb280fe0b8d95bd0bc4d5c54
                           .group:00000000 wm4._ansi.h.31.de524f58584151836e90d8620a16f8e8
                           .group:00000000 wm4._default_types.h.6.959254cf5f09734ea7516c89e8bb21bd
                           .group:00000000 wm4.stddef.h.39.144cf5ddcd53cbfdac30259dc1a6c87f
                           .group:00000000 wm4.cdefs.h.49.39045112216f6a021dbdffe3bf5accce
                           .group:00000000 wm4._types.h.20.dd0d04dca3800a0d2a6129b87f3adbb2
                           .group:00000000 wm4.stddef.h.155.3588ebfdd1e8c7ede80509bb9c3b8009
                           .group:00000000 wm4._types.h.127.34941de1b2539d59d5cac00e0dd27a45
                           .group:00000000 wm4.reent.h.17.e292bf8b0bec6c96e131a54347145a30
                           .group:00000000 wm4.lock.h.2.1461d1fff82dffe8bfddc23307f6484f
ARM GAS  C:\Users\SOLDER~1\AppData\Local\Temp\cc3Axwaf.s 			page 18


                           .group:00000000 wm4.reent.h.77.32fd7d280fc2a40b0797abce5beaf6e3
                           .group:00000000 wm4.assert.h.11.db24e541f16414db224bf986d21017e2
                           .group:00000000 wm4.reent.h.504.40d20ade344680fbcb6a0178bf7ae09e
                           .group:00000000 wm4.time.h.14.849270cc7997ccc4e05edd146e568a9f
                           .group:00000000 wm4.stddef.h.155.ba788add86a0e365f264484f110c3c29
                           .group:00000000 wm4.time.h.2.4581ce0ffb6627cfc02162c94bf846c9
                           .group:00000000 wm4.time.h.25.0e6a0fdbc9955f5707ed54246ed2e089
                           .group:00000000 wm4.types.h.40.8b6acba56cefbb11746718204edc8f5e
                           .group:00000000 wm4._stdint.h.10.c24fa3af3bc1706662bb5593a907e841
                           .group:00000000 wm4._endian.h.31.65a10590763c3dde1ac4a7f66d7d4891
                           .group:00000000 wm4.endian.h.9.49f3a4695c1b61e8a0808de3c4a106cb
                           .group:00000000 wm4._timeval.h.32.bec3221fa7a9bb0bdde696c9c57e47d2
                           .group:00000000 wm4.timespec.h.41.d855182eb0e690443ab8651bcedca6e1
                           .group:00000000 wm4.select.h.19.40cd3f2bfc456b193b790c2754690ebf
                           .group:00000000 wm4.types.h.51.5571ec98f267d17d3c670b7a3ba33afa
                           .group:00000000 wm4.sched.h.22.c60982713a5c428609783c78f9c78d95
                           .group:00000000 wm4._pthreadtypes.h.36.fcee9961c35163dde6267ef772ad1972
                           .group:00000000 wm4.time.h.142.403dcded079b6de6a2d2f21a34c2ae96
                           .group:00000000 wm4.stat.h.54.5a9b823658423102e7a8de4ed089eedc
                           .group:00000000 wm4.stdlib.h.13.4ed386f5c1a80d71e72172885d946ef2
                           .group:00000000 wm4.alloca.h.8.dfc0c703c47ec3e69746825b17d9e66d
                           .group:00000000 wm4.stdlib.h.56.f4862cfbf4363a1db01842d5bdf72c18
                           .group:00000000 wm4.errno.h.2.ba016d646105af6cad23be83630b6a3f
                           .group:00000000 wm4.errno.h.9.1ecd7b1049497a0ab61da0f6cbd4b0c6
                           .group:00000000 wm4.stdio.h.27.3fc80220048df77954e38daec3bb9670
                           .group:00000000 wm4.stdarg.h.34.3a23a216c0c293b3d2ea2e89281481e6
                           .group:00000000 wm4.stdio.h.47.1f5845210bb9053bbca9ed76fc4018da
                           .group:00000000 wm4.stdio.h.2.4aa87247282eca6c8f36f9de33d8df1a
                           .group:00000000 wm4.stdio.h.81.60a2ded7dae310b81f9d6907fe5e3dbf
                           .group:00000000 wm4.signal.h.4.52f6e87eb2ba3e571517621a52c855c8
                           .group:00000000 wm4.signal.h.18.14c8d0c03fc1e06775633fad7399cfc7
                           .group:00000000 wm4.time.h.40.07bdef2e51e429b46276cd6f2246b78b

UNDEFINED SYMBOLS
__errno
__io_getchar
__io_putchar
